E:\SHASHANK\LEARNC\OPENCLVECADD\OPENCLVECADD\X64\DEBUG\MAIN.OBJ
E:\SHASHANK\LEARNC\OPENCLVECADD\OPENCLVECADD\X64\DEBUG\VC110.PDB
E:\SHASHANK\LEARNC\OPENCLVECADD\X64\DEBUG\OPENCLVECADD.ILK
E:\SHASHANK\LEARNC\OPENCLVECADD\X64\DEBUG\OPENCLVECADD.EXE
E:\SHASHANK\LEARNC\OPENCLVECADD\X64\DEBUG\OPENCLVECADD.PDB
E:\Shashank\LearnC\OpenCLvecAdd\OpenCLvecAdd\x64\Debug\main.obj
E:\Shashank\LearnC\OpenCLvecAdd\OpenCLvecAdd\x64\Debug\cl.command.1.tlog
E:\Shashank\LearnC\OpenCLvecAdd\OpenCLvecAdd\x64\Debug\CL.read.1.tlog
E:\Shashank\LearnC\OpenCLvecAdd\OpenCLvecAdd\x64\Debug\CL.write.1.tlog
E:\Shashank\LearnC\OpenCLvecAdd\OpenCLvecAdd\x64\Debug\link-cvtres.read.1.tlog
E:\Shashank\LearnC\OpenCLvecAdd\OpenCLvecAdd\x64\Debug\link-cvtres.write.1.tlog
E:\Shashank\LearnC\OpenCLvecAdd\OpenCLvecAdd\x64\Debug\link-rc.read.1.tlog
E:\Shashank\LearnC\OpenCLvecAdd\OpenCLvecAdd\x64\Debug\link-rc.write.1.tlog
E:\Shashank\LearnC\OpenCLvecAdd\OpenCLvecAdd\x64\Debug\link.command.1.tlog
E:\Shashank\LearnC\OpenCLvecAdd\OpenCLvecAdd\x64\Debug\link.read.1.tlog
E:\Shashank\LearnC\OpenCLvecAdd\OpenCLvecAdd\x64\Debug\link.write.1.tlog
E:\Shashank\LearnC\OpenCLvecAdd\OpenCLvecAdd\x64\Debug\vc110.idb
E:\Shashank\LearnC\OpenCLvecAdd\OpenCLvecAdd\x64\Debug\vc110.pdb
E:\Shashank\LearnC\OpenCLvecAdd\x64\Debug\OpenCLvecAdd.pdb
E:\Shashank\LearnC\OpenCLvecAdd\x64\Debug\OpenCLvecAdd.exe
E:\Shashank\LearnC\OpenCLvecAdd\x64\Debug\OpenCLvecAdd.ilk
